Job ID: 4572
Host: g18.hpc.coe
Fri May  2 11:55:34 2025       
+-----------------------------------------------------------------------------------------+
| NVIDIA-SMI 560.35.03              Driver Version: 560.35.03      CUDA Version: 12.6     |
|-----------------------------------------+------------------------+----------------------+
| GPU  Name                 Persistence-M | Bus-Id          Disp.A | Volatile Uncorr. ECC |
| Fan  Temp   Perf          Pwr:Usage/Cap |           Memory-Usage | GPU-Util  Compute M. |
|                                         |                        |               MIG M. |
|=========================================+========================+======================|
|   0  NVIDIA H100 PCIe               Off |   00000000:21:00.0 Off |                    0 |
| N/A   55C    P0             89W /  350W |   21936MiB /  81559MiB |      0%      Default |
|                                         |                        |             Disabled |
+-----------------------------------------+------------------------+----------------------+
                                                                                         
+-----------------------------------------------------------------------------------------+
| Processes:                                                                              |
|  GPU   GI   CI        PID   Type   Process name                              GPU Memory |
|        ID   ID                                                               Usage      |
|=========================================================================================|
|    0   N/A  N/A   2837571      C   vasp_std                                    21924MiB |
+-----------------------------------------------------------------------------------------+
Installing dependencies into .venv…
Requirement already satisfied: pip in ./.venv/lib/python3.9/site-packages (21.2.3)
Collecting pip
  Downloading pip-25.1.1-py3-none-any.whl (1.8 MB)
Installing collected packages: pip
  Attempting uninstall: pip
    Found existing installation: pip 21.2.3
    Uninstalling pip-21.2.3:
      Successfully uninstalled pip-21.2.3
Successfully installed pip-25.1.1
Requirement already satisfied: torch>=2.0.0 in ./.venv/lib/python3.9/site-packages (from -r offline_pong/requirements.txt (line 2)) (2.7.0)
Requirement already satisfied: stable-baselines3>=2.0.0 in ./.venv/lib/python3.9/site-packages (from -r offline_pong/requirements.txt (line 3)) (2.6.0)
Requirement already satisfied: d3rlpy>=2.0.0 in ./.venv/lib/python3.9/site-packages (from -r offline_pong/requirements.txt (line 4)) (2.6.1)
Requirement already satisfied: huggingface-sb3>=3.0 in ./.venv/lib/python3.9/site-packages (from -r offline_pong/requirements.txt (line 7)) (3.0)
Requirement already satisfied: huggingface-hub>=0.16.4 in ./.venv/lib/python3.9/site-packages (from -r offline_pong/requirements.txt (line 8)) (0.30.2)
Requirement already satisfied: gymnasium==0.29.1 in ./.venv/lib/python3.9/site-packages (from gymnasium[accept-rom-license,atari]==0.29.1->-r offline_pong/requirements.txt (line 11)) (0.29.1)
Requirement already satisfied: tensorflow-datasets==4.9.2 in ./.venv/lib/python3.9/site-packages (from -r offline_pong/requirements.txt (line 14)) (4.9.2)
Requirement already satisfied: tqdm>=4.64.0 in ./.venv/lib/python3.9/site-packages (from -r offline_pong/requirements.txt (line 15)) (4.67.1)
Requirement already satisfied: pandas>=1.3.0 in ./.venv/lib/python3.9/site-packages (from -r offline_pong/requirements.txt (line 18)) (2.2.3)
Requirement already satisfied: matplotlib>=3.5.0 in ./.venv/lib/python3.9/site-packages (from -r offline_pong/requirements.txt (line 19)) (3.9.4)
Requirement already satisfied: seaborn>=0.11.2 in ./.venv/lib/python3.9/site-packages (from -r offline_pong/requirements.txt (line 20)) (0.13.2)
Requirement already satisfied: numpy>=1.21.0 in ./.venv/lib/python3.9/site-packages (from -r offline_pong/requirements.txt (line 23)) (2.0.2)
Requirement already satisfied: cloudpickle>=1.2.0 in ./.venv/lib/python3.9/site-packages (from gymnasium==0.29.1->gymnasium[accept-rom-license,atari]==0.29.1->-r offline_pong/requirements.txt (line 11)) (3.1.1)
Requirement already satisfied: typing-extensions>=4.3.0 in ./.venv/lib/python3.9/site-packages (from gymnasium==0.29.1->gymnasium[accept-rom-license,atari]==0.29.1->-r offline_pong/requirements.txt (line 11)) (4.13.2)
Requirement already satisfied: farama-notifications>=0.0.1 in ./.venv/lib/python3.9/site-packages (from gymnasium==0.29.1->gymnasium[accept-rom-license,atari]==0.29.1->-r offline_pong/requirements.txt (line 11)) (0.0.4)
Requirement already satisfied: importlib-metadata>=4.8.0 in ./.venv/lib/python3.9/site-packages (from gymnasium==0.29.1->gymnasium[accept-rom-license,atari]==0.29.1->-r offline_pong/requirements.txt (line 11)) (8.7.0)
Requirement already satisfied: absl-py in ./.venv/lib/python3.9/site-packages (from tensorflow-datasets==4.9.2->-r offline_pong/requirements.txt (line 14)) (2.2.2)
Requirement already satisfied: array-record in ./.venv/lib/python3.9/site-packages (from tensorflow-datasets==4.9.2->-r offline_pong/requirements.txt (line 14)) (0.5.1)
Requirement already satisfied: click in ./.venv/lib/python3.9/site-packages (from tensorflow-datasets==4.9.2->-r offline_pong/requirements.txt (line 14)) (8.1.8)
Requirement already satisfied: dm-tree in ./.venv/lib/python3.9/site-packages (from tensorflow-datasets==4.9.2->-r offline_pong/requirements.txt (line 14)) (0.1.8)
Requirement already satisfied: etils>=0.9.0 in ./.venv/lib/python3.9/site-packages (from etils[enp,epath]>=0.9.0->tensorflow-datasets==4.9.2->-r offline_pong/requirements.txt (line 14)) (1.5.2)
Requirement already satisfied: promise in ./.venv/lib/python3.9/site-packages (from tensorflow-datasets==4.9.2->-r offline_pong/requirements.txt (line 14)) (2.3)
Requirement already satisfied: protobuf>=3.20 in ./.venv/lib/python3.9/site-packages (from tensorflow-datasets==4.9.2->-r offline_pong/requirements.txt (line 14)) (4.21.12)
Requirement already satisfied: psutil in ./.venv/lib/python3.9/site-packages (from tensorflow-datasets==4.9.2->-r offline_pong/requirements.txt (line 14)) (7.0.0)
Requirement already satisfied: requests>=2.19.0 in ./.venv/lib/python3.9/site-packages (from tensorflow-datasets==4.9.2->-r offline_pong/requirements.txt (line 14)) (2.32.3)
Requirement already satisfied: tensorflow-metadata in ./.venv/lib/python3.9/site-packages (from tensorflow-datasets==4.9.2->-r offline_pong/requirements.txt (line 14)) (1.17.1)
Requirement already satisfied: termcolor in ./.venv/lib/python3.9/site-packages (from tensorflow-datasets==4.9.2->-r offline_pong/requirements.txt (line 14)) (3.1.0)
Requirement already satisfied: toml in ./.venv/lib/python3.9/site-packages (from tensorflow-datasets==4.9.2->-r offline_pong/requirements.txt (line 14)) (0.10.2)
Requirement already satisfied: wrapt in ./.venv/lib/python3.9/site-packages (from tensorflow-datasets==4.9.2->-r offline_pong/requirements.txt (line 14)) (1.17.2)
Requirement already satisfied: autorom~=0.4.2 in ./.venv/lib/python3.9/site-packages (from autorom[accept-rom-license]~=0.4.2; extra == "accept-rom-license"->gymnasium[accept-rom-license,atari]==0.29.1->-r offline_pong/requirements.txt (line 11)) (0.4.2)
Requirement already satisfied: shimmy<1.0,>=0.1.0 in ./.venv/lib/python3.9/site-packages (from shimmy[atari]<1.0,>=0.1.0; extra == "atari"->gymnasium[accept-rom-license,atari]==0.29.1->-r offline_pong/requirements.txt (line 11)) (0.2.1)
Requirement already satisfied: AutoROM.accept-rom-license in ./.venv/lib/python3.9/site-packages (from autorom[accept-rom-license]~=0.4.2; extra == "accept-rom-license"->gymnasium[accept-rom-license,atari]==0.29.1->-r offline_pong/requirements.txt (line 11)) (0.6.1)
Requirement already satisfied: ale-py~=0.8.1 in ./.venv/lib/python3.9/site-packages (from shimmy[atari]<1.0,>=0.1.0; extra == "atari"->gymnasium[accept-rom-license,atari]==0.29.1->-r offline_pong/requirements.txt (line 11)) (0.8.1)
Requirement already satisfied: importlib-resources in ./.venv/lib/python3.9/site-packages (from ale-py~=0.8.1->shimmy[atari]<1.0,>=0.1.0; extra == "atari"->gymnasium[accept-rom-license,atari]==0.29.1->-r offline_pong/requirements.txt (line 11)) (6.5.2)
Requirement already satisfied: filelock in ./.venv/lib/python3.9/site-packages (from torch>=2.0.0->-r offline_pong/requirements.txt (line 2)) (3.18.0)
Requirement already satisfied: sympy>=1.13.3 in ./.venv/lib/python3.9/site-packages (from torch>=2.0.0->-r offline_pong/requirements.txt (line 2)) (1.14.0)
Requirement already satisfied: networkx in ./.venv/lib/python3.9/site-packages (from torch>=2.0.0->-r offline_pong/requirements.txt (line 2)) (3.2.1)
Requirement already satisfied: jinja2 in ./.venv/lib/python3.9/site-packages (from torch>=2.0.0->-r offline_pong/requirements.txt (line 2)) (3.1.6)
Requirement already satisfied: fsspec in ./.venv/lib/python3.9/site-packages (from torch>=2.0.0->-r offline_pong/requirements.txt (line 2)) (2025.3.2)
Requirement already satisfied: nvidia-cuda-nvrtc-cu12==12.6.77 in ./.venv/lib/python3.9/site-packages (from torch>=2.0.0->-r offline_pong/requirements.txt (line 2)) (12.6.77)
Requirement already satisfied: nvidia-cuda-runtime-cu12==12.6.77 in ./.venv/lib/python3.9/site-packages (from torch>=2.0.0->-r offline_pong/requirements.txt (line 2)) (12.6.77)
Requirement already satisfied: nvidia-cuda-cupti-cu12==12.6.80 in ./.venv/lib/python3.9/site-packages (from torch>=2.0.0->-r offline_pong/requirements.txt (line 2)) (12.6.80)
Requirement already satisfied: nvidia-cudnn-cu12==9.5.1.17 in ./.venv/lib/python3.9/site-packages (from torch>=2.0.0->-r offline_pong/requirements.txt (line 2)) (9.5.1.17)
Requirement already satisfied: nvidia-cublas-cu12==12.6.4.1 in ./.venv/lib/python3.9/site-packages (from torch>=2.0.0->-r offline_pong/requirements.txt (line 2)) (12.6.4.1)
Requirement already satisfied: nvidia-cufft-cu12==11.3.0.4 in ./.venv/lib/python3.9/site-packages (from torch>=2.0.0->-r offline_pong/requirements.txt (line 2)) (11.3.0.4)
Requirement already satisfied: nvidia-curand-cu12==10.3.7.77 in ./.venv/lib/python3.9/site-packages (from torch>=2.0.0->-r offline_pong/requirements.txt (line 2)) (10.3.7.77)
Requirement already satisfied: nvidia-cusolver-cu12==11.7.1.2 in ./.venv/lib/python3.9/site-packages (from torch>=2.0.0->-r offline_pong/requirements.txt (line 2)) (11.7.1.2)
Requirement already satisfied: nvidia-cusparse-cu12==12.5.4.2 in ./.venv/lib/python3.9/site-packages (from torch>=2.0.0->-r offline_pong/requirements.txt (line 2)) (12.5.4.2)
Requirement already satisfied: nvidia-cusparselt-cu12==0.6.3 in ./.venv/lib/python3.9/site-packages (from torch>=2.0.0->-r offline_pong/requirements.txt (line 2)) (0.6.3)
Requirement already satisfied: nvidia-nccl-cu12==2.26.2 in ./.venv/lib/python3.9/site-packages (from torch>=2.0.0->-r offline_pong/requirements.txt (line 2)) (2.26.2)
Requirement already satisfied: nvidia-nvtx-cu12==12.6.77 in ./.venv/lib/python3.9/site-packages (from torch>=2.0.0->-r offline_pong/requirements.txt (line 2)) (12.6.77)
Requirement already satisfied: nvidia-nvjitlink-cu12==12.6.85 in ./.venv/lib/python3.9/site-packages (from torch>=2.0.0->-r offline_pong/requirements.txt (line 2)) (12.6.85)
Requirement already satisfied: nvidia-cufile-cu12==1.11.1.6 in ./.venv/lib/python3.9/site-packages (from torch>=2.0.0->-r offline_pong/requirements.txt (line 2)) (1.11.1.6)
Requirement already satisfied: triton==3.3.0 in ./.venv/lib/python3.9/site-packages (from torch>=2.0.0->-r offline_pong/requirements.txt (line 2)) (3.3.0)
Requirement already satisfied: setuptools>=40.8.0 in ./.venv/lib/python3.9/site-packages (from triton==3.3.0->torch>=2.0.0->-r offline_pong/requirements.txt (line 2)) (53.0.0)
Requirement already satisfied: h5py in ./.venv/lib/python3.9/site-packages (from d3rlpy>=2.0.0->-r offline_pong/requirements.txt (line 4)) (3.13.0)
Requirement already satisfied: gym>=0.26.0 in ./.venv/lib/python3.9/site-packages (from d3rlpy>=2.0.0->-r offline_pong/requirements.txt (line 4)) (0.26.2)
Requirement already satisfied: structlog in ./.venv/lib/python3.9/site-packages (from d3rlpy>=2.0.0->-r offline_pong/requirements.txt (line 4)) (25.3.0)
Requirement already satisfied: colorama in ./.venv/lib/python3.9/site-packages (from d3rlpy>=2.0.0->-r offline_pong/requirements.txt (line 4)) (0.4.6)
Requirement already satisfied: dataclasses-json in ./.venv/lib/python3.9/site-packages (from d3rlpy>=2.0.0->-r offline_pong/requirements.txt (line 4)) (0.6.7)
Requirement already satisfied: pyyaml~=6.0 in ./.venv/lib/python3.9/site-packages (from huggingface-sb3>=3.0->-r offline_pong/requirements.txt (line 7)) (6.0.2)
Requirement already satisfied: wasabi in ./.venv/lib/python3.9/site-packages (from huggingface-sb3>=3.0->-r offline_pong/requirements.txt (line 7)) (1.1.3)
Requirement already satisfied: packaging>=20.9 in ./.venv/lib/python3.9/site-packages (from huggingface-hub>=0.16.4->-r offline_pong/requirements.txt (line 8)) (25.0)
Requirement already satisfied: python-dateutil>=2.8.2 in ./.venv/lib/python3.9/site-packages (from pandas>=1.3.0->-r offline_pong/requirements.txt (line 18)) (2.9.0.post0)
Requirement already satisfied: pytz>=2020.1 in ./.venv/lib/python3.9/site-packages (from pandas>=1.3.0->-r offline_pong/requirements.txt (line 18)) (2025.2)
Requirement already satisfied: tzdata>=2022.7 in ./.venv/lib/python3.9/site-packages (from pandas>=1.3.0->-r offline_pong/requirements.txt (line 18)) (2025.2)
Requirement already satisfied: contourpy>=1.0.1 in ./.venv/lib/python3.9/site-packages (from matplotlib>=3.5.0->-r offline_pong/requirements.txt (line 19)) (1.3.0)
Requirement already satisfied: cycler>=0.10 in ./.venv/lib/python3.9/site-packages (from matplotlib>=3.5.0->-r offline_pong/requirements.txt (line 19)) (0.12.1)
Requirement already satisfied: fonttools>=4.22.0 in ./.venv/lib/python3.9/site-packages (from matplotlib>=3.5.0->-r offline_pong/requirements.txt (line 19)) (4.57.0)
Requirement already satisfied: kiwisolver>=1.3.1 in ./.venv/lib/python3.9/site-packages (from matplotlib>=3.5.0->-r offline_pong/requirements.txt (line 19)) (1.4.7)
Requirement already satisfied: pillow>=8 in ./.venv/lib/python3.9/site-packages (from matplotlib>=3.5.0->-r offline_pong/requirements.txt (line 19)) (11.2.1)
Requirement already satisfied: pyparsing>=2.3.1 in ./.venv/lib/python3.9/site-packages (from matplotlib>=3.5.0->-r offline_pong/requirements.txt (line 19)) (3.2.3)
Requirement already satisfied: zipp in ./.venv/lib/python3.9/site-packages (from etils[enp,epath]>=0.9.0->tensorflow-datasets==4.9.2->-r offline_pong/requirements.txt (line 14)) (3.21.0)
Requirement already satisfied: gym_notices>=0.0.4 in ./.venv/lib/python3.9/site-packages (from gym>=0.26.0->d3rlpy>=2.0.0->-r offline_pong/requirements.txt (line 4)) (0.0.8)
Requirement already satisfied: six>=1.5 in ./.venv/lib/python3.9/site-packages (from python-dateutil>=2.8.2->pandas>=1.3.0->-r offline_pong/requirements.txt (line 18)) (1.17.0)
Requirement already satisfied: charset-normalizer<4,>=2 in ./.venv/lib/python3.9/site-packages (from requests>=2.19.0->tensorflow-datasets==4.9.2->-r offline_pong/requirements.txt (line 14)) (3.4.1)
Requirement already satisfied: idna<4,>=2.5 in ./.venv/lib/python3.9/site-packages (from requests>=2.19.0->tensorflow-datasets==4.9.2->-r offline_pong/requirements.txt (line 14)) (3.10)
Requirement already satisfied: urllib3<3,>=1.21.1 in ./.venv/lib/python3.9/site-packages (from requests>=2.19.0->tensorflow-datasets==4.9.2->-r offline_pong/requirements.txt (line 14)) (2.4.0)
Requirement already satisfied: certifi>=2017.4.17 in ./.venv/lib/python3.9/site-packages (from requests>=2.19.0->tensorflow-datasets==4.9.2->-r offline_pong/requirements.txt (line 14)) (2025.4.26)
Requirement already satisfied: mpmath<1.4,>=1.1.0 in ./.venv/lib/python3.9/site-packages (from sympy>=1.13.3->torch>=2.0.0->-r offline_pong/requirements.txt (line 2)) (1.3.0)
Requirement already satisfied: marshmallow<4.0.0,>=3.18.0 in ./.venv/lib/python3.9/site-packages (from dataclasses-json->d3rlpy>=2.0.0->-r offline_pong/requirements.txt (line 4)) (3.26.1)
Requirement already satisfied: typing-inspect<1,>=0.4.0 in ./.venv/lib/python3.9/site-packages (from dataclasses-json->d3rlpy>=2.0.0->-r offline_pong/requirements.txt (line 4)) (0.9.0)
Requirement already satisfied: mypy-extensions>=0.3.0 in ./.venv/lib/python3.9/site-packages (from typing-inspect<1,>=0.4.0->dataclasses-json->d3rlpy>=2.0.0->-r offline_pong/requirements.txt (line 4)) (1.1.0)
Requirement already satisfied: MarkupSafe>=2.0 in ./.venv/lib/python3.9/site-packages (from jinja2->torch>=2.0.0->-r offline_pong/requirements.txt (line 2)) (3.0.2)
Python: /fs/atipa/home/017510883/RL_Pong_Project/RL_Project_Final/.venv/bin/python
CUDA_VISIBLE_DEVICES: 
Python 3.9.18
Starting training at Fri May  2 11:55:45 AM PDT 2025…
Finished at Fri May  2 03:24:08 PM PDT 2025
